<?xml version="1.0" encoding="UTF-8"?>
<testng-results skipped="0" failed="0" ignored="0" total="1" passed="1">
  <reporter-output>
  </reporter-output>
  <suite name="Suite" duration-ms="37432" started-at="2020-03-16T08:23:58Z" finished-at="2020-03-16T08:24:36Z">
    <groups>
    </groups>
    <test name="Test" duration-ms="37432" started-at="2020-03-16T08:23:58Z" finished-at="2020-03-16T08:24:36Z">
      <class name="actions.DragDrop">
        <test-method status="PASS" signature="setProperties()[pri:0, instance:actions.DragDrop@709ba3fb]" name="setProperties" is-config="true" duration-ms="34348" started-at="2020-03-16T08:23:58Z" finished-at="2020-03-16T08:24:33Z">
          <reporter-output>
          </reporter-output>
        </test-method> <!-- setProperties -->
        <test-method status="PASS" signature="m()[pri:0, instance:actions.DragDrop@709ba3fb]" name="m" duration-ms="1715" started-at="2020-03-16T08:24:33Z" finished-at="2020-03-16T08:24:35Z">
          <reporter-output>
          </reporter-output>
        </test-method> <!-- m -->
        <test-method status="PASS" signature="closeWindow()[pri:0, instance:actions.DragDrop@709ba3fb]" name="closeWindow" is-config="true" duration-ms="1075" started-at="2020-03-16T08:24:35Z" finished-at="2020-03-16T08:24:36Z">
          <reporter-output>
          </reporter-output>
        </test-method> <!-- closeWindow -->
      </class> <!-- actions.DragDrop -->
    </test> <!-- Test -->
  </suite> <!-- Suite -->
</testng-results>
